<?xml version="1.0" encoding="UTF-8"?>
<testng-results ignored="0" total="1" passed="1" failed="0" skipped="0">
  <reporter-output>
  </reporter-output>
  <suite started-at="2024-06-15T12:20:22 BST" name="Default suite" finished-at="2024-06-15T12:20:27 BST" duration-ms="5285">
    <groups>
    </groups>
    <test started-at="2024-06-15T12:20:22 BST" name="Default test" finished-at="2024-06-15T12:20:27 BST" duration-ms="5285">
      <class name="com.testcases.LocalTestExecution">
        <test-method signature="LaunchBrowser()[pri:0, instance:com.testcases.LocalTestExecution@57cf54e1]" started-at="2024-06-15T12:20:22 BST" name="LaunchBrowser" finished-at="2024-06-15T12:20:27 BST" duration-ms="5273" status="PASS">
          <reporter-output>
          </reporter-output>
        </test-method> <!-- LaunchBrowser -->
      </class> <!-- com.testcases.LocalTestExecution -->
    </test> <!-- Default test -->
  </suite> <!-- Default suite -->
</testng-results>
