<?xml version="1.0" encoding="UTF-8"?>
<testng-results ignored="0" total="1" passed="1" failed="0" skipped="0">
  <reporter-output>
  </reporter-output>
  <suite started-at="2024-06-27T14:14:00 BST" name="Default suite" finished-at="2024-06-27T14:14:42 BST" duration-ms="42081">
    <groups>
    </groups>
    <test started-at="2024-06-27T14:14:00 BST" name="Default test" finished-at="2024-06-27T14:14:42 BST" duration-ms="42081">
      <class name="com.testcases.LocalTestExecution">
        <test-method signature="LaunchBrowser()[pri:0, instance:com.testcases.LocalTestExecution@37d4349f]" started-at="2024-06-27T14:14:00 BST" name="LaunchBrowser" finished-at="2024-06-27T14:14:42 BST" duration-ms="42063" status="PASS">
          <reporter-output>
          </reporter-output>
        </test-method> <!-- LaunchBrowser -->
      </class> <!-- com.testcases.LocalTestExecution -->
    </test> <!-- Default test -->
  </suite> <!-- Default suite -->
</testng-results>
